#
# There is insufficient memory for the Java Runtime Environment to continue.
# Native memory allocation (malloc) failed to allocate 1050896 bytes for Chunk::new
# Possible reasons:
#   The system is out of physical RAM or swap space
#   The process is running with CompressedOops enabled, and the Java Heap may be blocking the growth of the native heap
# Possible solutions:
#   Reduce memory load on the system
#   Increase physical memory or swap space
#   Check if swap backing store is full
#   Decrease Java heap size (-Xmx/-Xms)
#   Decrease number of Java threads
#   Decrease Java thread stack sizes (-Xss)
#   Set larger code cache with -XX:ReservedCodeCacheSize=
#   JVM is running with Unscaled Compressed Oops mode in which the Java heap is
#     placed in the first 4GB address space. The Java Heap base address is the
#     maximum limit for the native heap growth. Please use -XX:HeapBaseMinAddress
#     to set the Java Heap base and to place the Java Heap above 4GB virtual address.
# This output file may be truncated or incomplete.
#
#  Out of Memory Error (c:/jenkins/workspace/zulu11-build-win64/zulu-src/src/hotspot/share/memory/arena.cpp:197), pid=27480, tid=39512
#
# JRE version: OpenJDK Runtime Environment (Zulu11.29+11-CA) (11.0.2+9) (build 11.0.2+9-LTS)
# Java VM: OpenJDK 64-Bit Server VM (11.0.2+9-LTS, mixed mode, tiered, compressed oops, g1 gc, windows-amd64)
# No core dump will be written. Minidumps are not enabled by default on client versions of Windows
#

---------------  S U M M A R Y ------------

Command Line: -Dclassworlds.conf=C:\Users\minyeong\Downloads\incubating-netbeans-10.0-bin\netbeans\java\maven\bin\m2.conf -Dmaven.home=C:\Users\minyeong\Downloads\incubating-netbeans-10.0-bin\netbeans\java\maven -Dmaven.multiModuleProjectDirectory=C:\Users\minyeong\Desktop\minyeong\4_1\object_oriented_design\project\WebMail_Team01 org.codehaus.plexus.classworlds.launcher.Launcher -Dmaven.ext.class.path=C:\Users\minyeong\Downloads\incubating-netbeans-10.0-bin\netbeans\java\maven-nblib\netbeans-eventspy.jar -Dfile.encoding=UTF-8 clean install

Host: Intel(R) Core(TM) i5-8250U CPU @ 1.60GHz, 8 cores, 7G,  Windows 10 , 64 bit Build 17134 (10.0.17134.753)
Time: Fri May 31 22:35:14 2019 ¢¥eCN©öI¡¾©ö C¡ÍA¨ª¨öA elapsed time: 11 seconds (0d 0h 0m 11s)

---------------  T H R E A D  ---------------

Current thread (0x000001b3c1fe7000):  JavaThread "C2 CompilerThread2" daemon [_thread_in_native, id=39512, stack(0x0000009fd9800000,0x0000009fd9900000)]


Current CompileTask:
C2:  11639 5902       4       org.apache.maven.model.inheritance.DefaultInheritanceAssembler$InheritanceModelMerger::mergePluginContainer_Plugins (430 bytes)

Stack: [0x0000009fd9800000,0x0000009fd9900000]
Native frames: (J=compiled Java code, j=interpreted, Vv=VM code, C=native code)
V  [jvm.dll+0x5e1d59]
V  [jvm.dll+0x713549]
V  [jvm.dll+0x714b68]
V  [jvm.dll+0x715203]
V  [jvm.dll+0x248a58]
V  [jvm.dll+0xc0cdc]
V  [jvm.dll+0xc11dc]
V  [jvm.dll+0x2bc454]
V  [jvm.dll+0x506752]
V  [jvm.dll+0x203c0c]
V  [jvm.dll+0x20120f]
V  [jvm.dll+0x187c0b]
V  [jvm.dll+0x20f5a4]
V  [jvm.dll+0x20de32]
V  [jvm.dll+0x6dfc8f]
V  [jvm.dll+0x5e1040]
C  [msvcr120.dll+0x24f7f]
C  [msvcr120.dll+0x25126]
C  [KERNEL32.DLL+0x14034]
C  [ntdll.dll+0x73691]


---------------  P R O C E S S  ---------------

Threads class SMR info:
_java_thread_list=0x000001b3c3393470, length=12, elements={
0x000001b3a22c6800, 0x000001b3c10e9800, 0x000001b3c10f2000, 0x000001b3c197c000,
0x000001b3c197e800, 0x000001b3c197f800, 0x000001b3c1982800, 0x000001b3c198b800,
0x000001b3c1b51800, 0x000001b3c1b60800, 0x000001b3c64b0800, 0x000001b3c1fe7000
}

Java Threads: ( => current thread )
  0x000001b3a22c6800 JavaThread "main" [_thread_in_native, id=3592, stack(0x0000009fd8600000,0x0000009fd8700000)]
  0x000001b3c10e9800 JavaThread "Reference Handler" daemon [_thread_blocked, id=34408, stack(0x0000009fd8d00000,0x0000009fd8e00000)]
  0x000001b3c10f2000 JavaThread "Finalizer" daemon [_thread_blocked, id=19192, stack(0x0000009fd8e00000,0x0000009fd8f00000)]
  0x000001b3c197c000 JavaThread "Signal Dispatcher" daemon [_thread_blocked, id=31868, stack(0x0000009fd8f00000,0x0000009fd9000000)]
  0x000001b3c197e800 JavaThread "Attach Listener" daemon [_thread_blocked, id=40280, stack(0x0000009fd9000000,0x0000009fd9100000)]
  0x000001b3c197f800 JavaThread "C2 CompilerThread0" daemon [_thread_in_native, id=25656, stack(0x0000009fd9100000,0x0000009fd9200000)]
  0x000001b3c1982800 JavaThread "C1 CompilerThread0" daemon [_thread_blocked, id=33684, stack(0x0000009fd9200000,0x0000009fd9300000)]
  0x000001b3c198b800 JavaThread "Sweeper thread" daemon [_thread_blocked, id=30184, stack(0x0000009fd9300000,0x0000009fd9400000)]
  0x000001b3c1b51800 JavaThread "Service Thread" daemon [_thread_blocked, id=35516, stack(0x0000009fd9400000,0x0000009fd9500000)]
  0x000001b3c1b60800 JavaThread "Common-Cleaner" daemon [_thread_blocked, id=20016, stack(0x0000009fd9600000,0x0000009fd9700000)]
  0x000001b3c64b0800 JavaThread "C2 CompilerThread1" daemon [_thread_in_native, id=35272, stack(0x0000009fd9700000,0x0000009fd9800000)]
=>0x000001b3c1fe7000 JavaThread "C2 CompilerThread2" daemon [_thread_in_native, id=39512, stack(0x0000009fd9800000,0x0000009fd9900000)]

Other Threads:
  0x000001b3c10e5800 VMThread "VM Thread" [stack: 0x0000009fd8c00000,0x0000009fd8d00000] [id=40940]
  0x000001b3c1b54000 WatcherThread [stack: 0x0000009fd9500000,0x0000009fd9600000] [id=36184]
  0x000001b3a22dc800 GCTaskThread "GC Thread#0" [stack: 0x0000009fd8700000,0x0000009fd8800000] [id=31608]
  0x000001b3c2a44800 GCTaskThread "GC Thread#1" [stack: 0x0000009fd9900000,0x0000009fd9a00000] [id=22808]
  0x000001b3c2d74800 GCTaskThread "GC Thread#2" [stack: 0x0000009fd9a00000,0x0000009fd9b00000] [id=13292]
  0x000001b3a230f800 ConcurrentGCThread "G1 Main Marker" [stack: 0x0000009fd8800000,0x0000009fd8900000] [id=21632]
  0x000001b3a2312800 ConcurrentGCThread "G1 Conc#0" [stack: 0x0000009fd8900000,0x0000009fd8a00000] [id=40932]
  0x000001b3c375e000 ConcurrentGCThread "G1 Conc#1" [stack: 0x0000009fd9b00000,0x0000009fd9c00000] [id=34856]
  0x000001b3c0f4c800 ConcurrentGCThread "G1 Refine#0" [stack: 0x0000009fd8a00000,0x0000009fd8b00000] [id=24600]
  0x000001b3c0f4d000 ConcurrentGCThread "G1 Young RemSet Sampling" [stack: 0x0000009fd8b00000,0x0000009fd8c00000] [id=24316]

Threads with active compile tasks:
C2 CompilerThread05943  s!   4       java.lang.StackTraceElement::computeFormat (71 bytes)
C2 CompilerThread15926       4       org.eclipse.aether.util.graph.transformer.ConflictResolver$State::push (447 bytes)
C2 CompilerThread25902       4       org.apache.maven.model.inheritance.DefaultInheritanceAssembler$InheritanceModelMerger::mergePluginContainer_Plugins (430 bytes)

VM state:not at safepoint (normal execution)

VM Mutex/Monitor currently owned by a thread: None

Heap address: 0x0000000082800000, size: 2008 MB, Compressed Oops mode: 32-bit
Narrow klass base: 0x0000000000000000, Narrow klass shift: 3
Compressed class space size: 1073741824 Address: 0x0000000100000000

Heap:
 garbage-first heap   total 155648K, used 23992K [0x0000000082800000, 0x0000000100000000)
  region size 1024K, 17 young (17408K), 10 survivors (10240K)
 Metaspace       used 34575K, capacity 35437K, committed 35504K, reserved 1081344K
  class space    used 3721K, capacity 4039K, committed 4096K, reserved 1048576K
Heap Regions: E=young(eden), S=young(survivor), O=old, HS=humongous(starts), HC=humongous(continues), CS=collection set, F=free, A=archive, TAMS=top-at-mark-start (previous, next)
|   0|0x0000000082800000, 0x0000000082900000, 0x0000000082900000|100%| O|  |TAMS 0x0000000082900000, 0x0000000082800000| Untracked 
|   1|0x0000000082900000, 0x0000000082a00000, 0x0000000082a00000|100%| O|  |TAMS 0x0000000082a00000, 0x0000000082900000| Untracked 
|   2|0x0000000082a00000, 0x0000000082b00000, 0x0000000082b00000|100%| O|  |TAMS 0x0000000082b00000, 0x0000000082a00000| Untracked 
|   3|0x0000000082b00000, 0x0000000082c00000, 0x0000000082c00000|100%| O|  |TAMS 0x0000000082b37c00, 0x0000000082b00000| Untracked 
|   4|0x0000000082c00000, 0x0000000082d00000, 0x0000000082d00000|100%| O|  |TAMS 0x0000000082c00000, 0x0000000082c00000| Untracked 
|   5|0x0000000082d00000, 0x0000000082e00000, 0x0000000082e00000|100%| O|  |TAMS 0x0000000082d00000, 0x0000000082d00000| Untracked 
|   6|0x0000000082e00000, 0x0000000082f00000, 0x0000000082f00000|100%| O|  |TAMS 0x0000000082e00000, 0x0000000082e00000| Untracked 
|   7|0x0000000082f00000, 0x0000000082fc2800, 0x0000000083000000| 75%| O|  |TAMS 0x0000000082f00000, 0x0000000082f00000| Untracked 
|   8|0x0000000083000000, 0x0000000083000000, 0x0000000083100000|  0%| F|  |TAMS 0x0000000083000000, 0x0000000083000000| Untracked 
|   9|0x0000000083100000, 0x0000000083100000, 0x0000000083200000|  0%| F|  |TAMS 0x0000000083100000, 0x0000000083100000| Untracked 
|  10|0x0000000083200000, 0x0000000083200000, 0x0000000083300000|  0%| F|  |TAMS 0x0000000083200000, 0x0000000083200000| Untracked 
|  11|0x0000000083300000, 0x0000000083300000, 0x0000000083400000|  0%| F|  |TAMS 0x0000000083300000, 0x0000000083300000| Untracked 
|  12|0x0000000083400000, 0x0000000083400000, 0x0000000083500000|  0%| F|  |TAMS 0x0000000083400000, 0x0000000083400000| Untracked 
|  13|0x0000000083500000, 0x0000000083500000, 0x0000000083600000|  0%| F|  |TAMS 0x0000000083500000, 0x0000000083500000| Untracked 
|  14|0x0000000083600000, 0x0000000083600000, 0x0000000083700000|  0%| F|  |TAMS 0x0000000083600000, 0x0000000083600000| Untracked 
|  15|0x0000000083700000, 0x0000000083700000, 0x0000000083800000|  0%| F|  |TAMS 0x0000000083700000, 0x0000000083700000| Untracked 
|  16|0x0000000083800000, 0x0000000083800000, 0x0000000083900000|  0%| F|  |TAMS 0x0000000083800000, 0x0000000083800000| Untracked 
|  17|0x0000000083900000, 0x0000000083900000, 0x0000000083a00000|  0%| F|  |TAMS 0x0000000083900000, 0x0000000083900000| Untracked 
|  18|0x0000000083a00000, 0x0000000083a00000, 0x0000000083b00000|  0%| F|  |TAMS 0x0000000083a00000, 0x0000000083a00000| Untracked 
|  19|0x0000000083b00000, 0x0000000083b00000, 0x0000000083c00000|  0%| F|  |TAMS 0x0000000083b00000, 0x0000000083b00000| Untracked 
|  20|0x0000000083c00000, 0x0000000083c00000, 0x0000000083d00000|  0%| F|  |TAMS 0x0000000083c00000, 0x0000000083c00000| Untracked 
|  21|0x0000000083d00000, 0x0000000083d00000, 0x0000000083e00000|  0%| F|  |TAMS 0x0000000083d00000, 0x0000000083d00000| Untracked 
|  22|0x0000000083e00000, 0x0000000083e00000, 0x0000000083f00000|  0%| F|  |TAMS 0x0000000083e00000, 0x0000000083e00000| Untracked 
|  23|0x0000000083f00000, 0x0000000083f00000, 0x0000000084000000|  0%| F|  |TAMS 0x0000000083f00000, 0x0000000083f00000| Untracked 
|  24|0x0000000084000000, 0x0000000084000000, 0x0000000084100000|  0%| F|  |TAMS 0x0000000084000000, 0x0000000084000000| Untracked 
|  25|0x0000000084100000, 0x0000000084100000, 0x0000000084200000|  0%| F|  |TAMS 0x0000000084100000, 0x0000000084100000| Untracked 
|  26|0x0000000084200000, 0x0000000084200000, 0x0000000084300000|  0%| F|  |TAMS 0x0000000084200000, 0x0000000084200000| Untracked 
|  27|0x0000000084300000, 0x0000000084300000, 0x0000000084400000|  0%| F|  |TAMS 0x0000000084300000, 0x0000000084300000| Untracked 
|  28|0x0000000084400000, 0x0000000084400000, 0x0000000084500000|  0%| F|  |TAMS 0x0000000084400000, 0x0000000084400000| Untracked 
|  29|0x0000000084500000, 0x0000000084500000, 0x0000000084600000|  0%| F|  |TAMS 0x0000000084500000, 0x0000000084500000| Untracked 
|  30|0x0000000084600000, 0x0000000084600000, 0x0000000084700000|  0%| F|  |TAMS 0x0000000084600000, 0x0000000084600000| Untracked 
|  31|0x0000000084700000, 0x0000000084700000, 0x0000000084800000|  0%| F|  |TAMS 0x0000000084700000, 0x0000000084700000| Untracked 
|  32|0x0000000084800000, 0x0000000084800000, 0x0000000084900000|  0%| F|  |TAMS 0x0000000084800000, 0x0000000084800000| Untracked 
|  33|0x0000000084900000, 0x0000000084900000, 0x0000000084a00000|  0%| F|  |TAMS 0x0000000084900000, 0x0000000084900000| Untracked 
|  34|0x0000000084a00000, 0x0000000084a00000, 0x0000000084b00000|  0%| F|  |TAMS 0x0000000084a00000, 0x0000000084a00000| Untracked 
|  35|0x0000000084b00000, 0x0000000084b00000, 0x0000000084c00000|  0%| F|  |TAMS 0x0000000084b00000, 0x0000000084b00000| Untracked 
|  36|0x0000000084c00000, 0x0000000084c00000, 0x0000000084d00000|  0%| F|  |TAMS 0x0000000084c00000, 0x0000000084c00000| Untracked 
|  37|0x0000000084d00000, 0x0000000084d00000, 0x0000000084e00000|  0%| F|  |TAMS 0x0000000084d00000, 0x0000000084d00000| Untracked 
|  38|0x0000000084e00000, 0x0000000084e00000, 0x0000000084f00000|  0%| F|  |TAMS 0x0000000084e00000, 0x0000000084e00000| Untracked 
|  39|0x0000000084f00000, 0x0000000084f00000, 0x0000000085000000|  0%| F|  |TAMS 0x0000000084f00000, 0x0000000084f00000| Untracked 
|  40|0x0000000085000000, 0x0000000085000000, 0x0000000085100000|  0%| F|  |TAMS 0x0000000085000000, 0x0000000085000000| Untracked 
|  41|0x0000000085100000, 0x00000000851ab9a8, 0x0000000085200000| 67%| S|CS|TAMS 0x0000000085100000, 0x0000000085100000| Complete 
|  42|0x0000000085200000, 0x0000000085300000, 0x0000000085300000|100%| S|CS|TAMS 0x0000000085200000, 0x0000000085200000| Complete 
|  43|0x0000000085300000, 0x0000000085400000, 0x0000000085400000|100%| S|CS|TAMS 0x0000000085300000, 0x0000000085300000| Complete 
|  44|0x0000000085400000, 0x0000000085500000, 0x0000000085500000|100%| S|CS|TAMS 0x0000000085400000, 0x0000000085400000| Complete 
|  45|0x0000000085500000, 0x0000000085600000, 0x0000000085600000|100%| S|CS|TAMS 0x0000000085500000, 0x0000000085500000| Complete 
|  46|0x0000000085600000, 0x0000000085700000, 0x0000000085700000|100%| S|CS|TAMS 0x0000000085600000, 0x0000000085600000| Complete 
|  47|0x0000000085700000, 0x0000000085800000, 0x0000000085800000|100%| S|CS|TAMS 0x0000000085700000, 0x0000000085700000| Complete 
|  48|0x0000000085800000, 0x0000000085900000, 0x0000000085900000|100%| S|CS|TAMS 0x0000000085800000, 0x0000000085800000| Complete 
|  49|0x0000000085900000, 0x0000000085a00000, 0x0000000085a00000|100%| S|CS|TAMS 0x0000000085900000, 0x0000000085900000| Complete 
|  50|0x0000000085a00000, 0x0000000085a00000, 0x0000000085b00000|  0%| F|  |TAMS 0x0000000085a00000, 0x0000000085a00000| Untracked 
|  51|0x0000000085b00000, 0x0000000085b00000, 0x0000000085c00000|  0%| F|  |TAMS 0x0000000085b00000, 0x0000000085b00000| Untracked 
|  52|0x0000000085c00000, 0x0000000085c00000, 0x0000000085d00000|  0%| F|  |TAMS 0x0000000085c00000, 0x0000000085c00000| Untracked 
|  53|0x0000000085d00000, 0x0000000085d00000, 0x0000000085e00000|  0%| F|  |TAMS 0x0000000085d00000, 0x0000000085d00000| Untracked 
|  54|0x0000000085e00000, 0x0000000085e00000, 0x0000000085f00000|  0%| F|  |TAMS 0x0000000085e00000, 0x0000000085e00000| Untracked 
|  55|0x0000000085f00000, 0x0000000086000000, 0x0000000086000000|100%| S|CS|TAMS 0x0000000085f00000, 0x0000000085f00000| Complete 
|  56|0x0000000086000000, 0x0000000086000000, 0x0000000086100000|  0%| F|  |TAMS 0x0000000086000000, 0x0000000086000000| Untracked 
|  57|0x0000000086100000, 0x0000000086100000, 0x0000000086200000|  0%| F|  |TAMS 0x0000000086100000, 0x0000000086100000| Untracked 
|  58|0x0000000086200000, 0x0000000086200000, 0x0000000086300000|  0%| F|  |TAMS 0x0000000086200000, 0x0000000086200000| Untracked 
|  59|0x0000000086300000, 0x0000000086300000, 0x0000000086400000|  0%| F|  |TAMS 0x0000000086300000, 0x0000000086300000| Untracked 
|  60|0x0000000086400000, 0x0000000086400000, 0x0000000086500000|  0%| F|  |TAMS 0x0000000086400000, 0x0000000086400000| Untracked 
|  61|0x0000000086500000, 0x0000000086500000, 0x0000000086600000|  0%| F|  |TAMS 0x0000000086500000, 0x0000000086500000| Untracked 
|  62|0x0000000086600000, 0x0000000086600000, 0x0000000086700000|  0%| F|  |TAMS 0x0000000086600000, 0x0000000086600000| Untracked 
|  63|0x0000000086700000, 0x0000000086700000, 0x0000000086800000|  0%| F|  |TAMS 0x0000000086700000, 0x0000000086700000| Untracked 
|  64|0x0000000086800000, 0x0000000086800000, 0x0000000086900000|  0%| F|  |TAMS 0x0000000086800000, 0x0000000086800000| Untracked 
|  65|0x0000000086900000, 0x0000000086900000, 0x0000000086a00000|  0%| F|  |TAMS 0x0000000086900000, 0x0000000086900000| Untracked 
|  66|0x0000000086a00000, 0x0000000086a00000, 0x0000000086b00000|  0%| F|  |TAMS 0x0000000086a00000, 0x0000000086a00000| Untracked 
|  67|0x0000000086b00000, 0x0000000086b00000, 0x0000000086c00000|  0%| F|  |TAMS 0x0000000086b00000, 0x0000000086b00000| Untracked 
|  68|0x0000000086c00000, 0x0000000086c00000, 0x0000000086d00000|  0%| F|  |TAMS 0x0000000086c00000, 0x0000000086c00000| Untracked 
|  69|0x0000000086d00000, 0x0000000086d00000, 0x0000000086e00000|  0%| F|  |TAMS 0x0000000086d00000, 0x0000000086d00000| Untracked 
|  70|0x0000000086e00000, 0x0000000086e00000, 0x0000000086f00000|  0%| F|  |TAMS 0x0000000086e00000, 0x0000000086e00000| Untracked 
|  71|0x0000000086f00000, 0x0000000086f00000, 0x0000000087000000|  0%| F|  |TAMS 0x0000000086f00000, 0x0000000086f00000| Untracked 
|  72|0x0000000087000000, 0x0000000087000000, 0x0000000087100000|  0%| F|  |TAMS 0x0000000087000000, 0x0000000087000000| Untracked 
|  73|0x0000000087100000, 0x0000000087100000, 0x0000000087200000|  0%| F|  |TAMS 0x0000000087100000, 0x0000000087100000| Untracked 
|  74|0x0000000087200000, 0x0000000087200000, 0x0000000087300000|  0%| F|  |TAMS 0x0000000087200000, 0x0000000087200000| Untracked 
|  75|0x0000000087300000, 0x0000000087300000, 0x0000000087400000|  0%| F|  |TAMS 0x0000000087300000, 0x0000000087300000| Untracked 
|  76|0x0000000087400000, 0x0000000087400000, 0x0000000087500000|  0%| F|  |TAMS 0x0000000087400000, 0x0000000087400000| Untracked 
|  77|0x0000000087500000, 0x0000000087500000, 0x0000000087600000|  0%| F|  |TAMS 0x0000000087500000, 0x0000000087500000| Untracked 
|  78|0x0000000087600000, 0x0000000087600000, 0x0000000087700000|  0%| F|  |TAMS 0x0000000087600000, 0x0000000087600000| Untracked 
|  79|0x0000000087700000, 0x0000000087700000, 0x0000000087800000|  0%| F|  |TAMS 0x0000000087700000, 0x0000000087700000| Untracked 
|  80|0x0000000087800000, 0x0000000087800000, 0x0000000087900000|  0%| F|  |TAMS 0x0000000087800000, 0x0000000087800000| Untracked 
|  81|0x0000000087900000, 0x0000000087900000, 0x0000000087a00000|  0%| F|  |TAMS 0x0000000087900000, 0x0000000087900000| Untracked 
|  82|0x0000000087a00000, 0x0000000087a00000, 0x0000000087b00000|  0%| F|  |TAMS 0x0000000087a00000, 0x0000000087a00000| Untracked 
|  83|0x0000000087b00000, 0x0000000087b00000, 0x0000000087c00000|  0%| F|  |TAMS 0x0000000087b00000, 0x0000000087b00000| Untracked 
|  84|0x0000000087c00000, 0x0000000087c00000, 0x0000000087d00000|  0%| F|  |TAMS 0x0000000087c00000, 0x0000000087c00000| Untracked 
|  85|0x0000000087d00000, 0x0000000087d00000, 0x0000000087e00000|  0%| F|  |TAMS 0x0000000087d00000, 0x0000000087d00000| Untracked 
|  86|0x0000000087e00000, 0x0000000087e00000, 0x0000000087f00000|  0%| F|  |TAMS 0x0000000087e00000, 0x0000000087e00000| Untracked 
|  87|0x0000000087f00000, 0x0000000087f00000, 0x0000000088000000|  0%| F|  |TAMS 0x0000000087f00000, 0x0000000087f00000| Untracked 
|  88|0x0000000088000000, 0x0000000088000000, 0x0000000088100000|  0%| F|  |TAMS 0x0000000088000000, 0x0000000088000000| Untracked 
|  89|0x0000000088100000, 0x0000000088100000, 0x0000000088200000|  0%| F|  |TAMS 0x0000000088100000, 0x0000000088100000| Untracked 
|  90|0x0000000088200000, 0x0000000088200000, 0x0000000088300000|  0%| F|  |TAMS 0x0000000088200000, 0x0000000088200000| Untracked 
|  91|0x0000000088300000, 0x0000000088300000, 0x0000000088400000|  0%| F|  |TAMS 0x0000000088300000, 0x0000000088300000| Untracked 
|  92|0x0000000088400000, 0x0000000088400000, 0x0000000088500000|  0%| F|  |TAMS 0x0000000088400000, 0x0000000088400000| Untracked 
|  93|0x0000000088500000, 0x0000000088500000, 0x0000000088600000|  0%| F|  |TAMS 0x0000000088500000, 0x0000000088500000| Untracked 
|  94|0x0000000088600000, 0x0000000088600000, 0x0000000088700000|  0%| F|  |TAMS 0x0000000088600000, 0x0000000088600000| Untracked 
|  95|0x0000000088700000, 0x0000000088700000, 0x0000000088800000|  0%| F|  |TAMS 0x0000000088700000, 0x0000000088700000| Untracked 
|  96|0x0000000088800000, 0x0000000088800000, 0x0000000088900000|  0%| F|  |TAMS 0x0000000088800000, 0x0000000088800000| Untracked 
|  97|0x0000000088900000, 0x0000000088900000, 0x0000000088a00000|  0%| F|  |TAMS 0x0000000088900000, 0x0000000088900000| Untracked 
|  98|0x0000000088a00000, 0x0000000088a00000, 0x0000000088b00000|  0%| F|  |TAMS 0x0000000088a00000, 0x0000000088a00000| Untracked 
|  99|0x0000000088b00000, 0x0000000088b00000, 0x0000000088c00000|  0%| F|  |TAMS 0x0000000088b00000, 0x0000000088b00000| Untracked 
| 100|0x0000000088c00000, 0x0000000088c00000, 0x0000000088d00000|  0%| F|  |TAMS 0x0000000088c00000, 0x0000000088c00000| Untracked 
| 101|0x0000000088d00000, 0x0000000088d00000, 0x0000000088e00000|  0%| F|  |TAMS 0x0000000088d00000, 0x0000000088d00000| Untracked 
| 102|0x0000000088e00000, 0x0000000088e00000, 0x0000000088f00000|  0%| F|  |TAMS 0x0000000088e00000, 0x0000000088e00000| Untracked 
| 103|0x0000000088f00000, 0x0000000088f00000, 0x0000000089000000|  0%| F|  |TAMS 0x0000000088f00000, 0x0000000088f00000| Untracked 
| 104|0x0000000089000000, 0x0000000089000000, 0x0000000089100000|  0%| F|  |TAMS 0x0000000089000000, 0x0000000089000000| Untracked 
| 105|0x0000000089100000, 0x0000000089100000, 0x0000000089200000|  0%| F|  |TAMS 0x0000000089100000, 0x0000000089100000| Untracked 
| 106|0x0000000089200000, 0x0000000089200000, 0x0000000089300000|  0%| F|  |TAMS 0x0000000089200000, 0x0000000089200000| Untracked 
| 107|0x0000000089300000, 0x0000000089300000, 0x0000000089400000|  0%| F|  |TAMS 0x0000000089300000, 0x0000000089300000| Untracked 
| 108|0x0000000089400000, 0x0000000089400000, 0x0000000089500000|  0%| F|  |TAMS 0x0000000089400000, 0x0000000089400000| Untracked 
| 109|0x0000000089500000, 0x0000000089500000, 0x0000000089600000|  0%| F|  |TAMS 0x0000000089500000, 0x0000000089500000| Untracked 
| 110|0x0000000089600000, 0x0000000089600000, 0x0000000089700000|  0%| F|  |TAMS 0x0000000089600000, 0x0000000089600000| Untracked 
| 111|0x0000000089700000, 0x0000000089700000, 0x0000000089800000|  0%| F|  |TAMS 0x0000000089700000, 0x0000000089700000| Untracked 
| 112|0x0000000089800000, 0x0000000089800000, 0x0000000089900000|  0%| F|  |TAMS 0x0000000089800000, 0x0000000089800000| Untracked 
| 113|0x0000000089900000, 0x0000000089900000, 0x0000000089a00000|  0%| F|  |TAMS 0x0000000089900000, 0x0000000089900000| Untracked 
| 114|0x0000000089a00000, 0x0000000089a00000, 0x0000000089b00000|  0%| F|  |TAMS 0x0000000089a00000, 0x0000000089a00000| Untracked 
| 115|0x0000000089b00000, 0x0000000089b00000, 0x0000000089c00000|  0%| F|  |TAMS 0x0000000089b00000, 0x0000000089b00000| Untracked 
| 116|0x0000000089c00000, 0x0000000089c00000, 0x0000000089d00000|  0%| F|  |TAMS 0x0000000089c00000, 0x0000000089c00000| Untracked 
| 117|0x0000000089d00000, 0x0000000089d00000, 0x0000000089e00000|  0%| F|  |TAMS 0x0000000089d00000, 0x0000000089d00000| Untracked 
| 118|0x0000000089e00000, 0x0000000089e00000, 0x0000000089f00000|  0%| F|  |TAMS 0x0000000089e00000, 0x0000000089e00000| Untracked 
| 119|0x0000000089f00000, 0x0000000089f00000, 0x000000008a000000|  0%| F|  |TAMS 0x0000000089f00000, 0x0000000089f00000| Untracked 
| 120|0x000000008a000000, 0x000000008a000000, 0x000000008a100000|  0%| F|  |TAMS 0x000000008a000000, 0x000000008a000000| Untracked 
| 121|0x000000008a100000, 0x000000008a100000, 0x000000008a200000|  0%| F|  |TAMS 0x000000008a100000, 0x000000008a100000| Untracked 
| 122|0x000000008a200000, 0x000000008a200000, 0x000000008a300000|  0%| F|  |TAMS 0x000000008a200000, 0x000000008a200000| Untracked 
| 123|0x000000008a300000, 0x000000008a300000, 0x000000008a400000|  0%| F|  |TAMS 0x000000008a300000, 0x000000008a300000| Untracked 
| 124|0x000000008a400000, 0x000000008a400000, 0x000000008a500000|  0%| F|  |TAMS 0x000000008a400000, 0x000000008a400000| Untracked 
| 125|0x000000008a500000, 0x000000008a500000, 0x000000008a600000|  0%| F|  |TAMS 0x000000008a500000, 0x000000008a500000| Untracked 
| 126|0x000000008a600000, 0x000000008a600000, 0x000000008a700000|  0%| F|  |TAMS 0x000000008a600000, 0x000000008a600000| Untracked 
| 127|0x000000008a700000, 0x000000008a700000, 0x000000008a800000|  0%| F|  |TAMS 0x000000008a700000, 0x000000008a700000| Untracked 
| 128|0x000000008a800000, 0x000000008a800000, 0x000000008a900000|  0%| F|  |TAMS 0x000000008a800000, 0x000000008a800000| Untracked 
| 129|0x000000008a900000, 0x000000008a900000, 0x000000008aa00000|  0%| F|  |TAMS 0x000000008a900000, 0x000000008a900000| Untracked 
| 130|0x000000008aa00000, 0x000000008aa00000, 0x000000008ab00000|  0%| F|  |TAMS 0x000000008aa00000, 0x000000008aa00000| Untracked 
| 131|0x000000008ab00000, 0x000000008ab00000, 0x000000008ac00000|  0%| F|  |TAMS 0x000000008ab00000, 0x000000008ab00000| Untracked 
| 132|0x000000008ac00000, 0x000000008ac00000, 0x000000008ad00000|  0%| F|  |TAMS 0x000000008ac00000, 0x000000008ac00000| Untracked 
| 133|0x000000008ad00000, 0x000000008ad00000, 0x000000008ae00000|  0%| F|  |TAMS 0x000000008ad00000, 0x000000008ad00000| Untracked 
| 134|0x000000008ae00000, 0x000000008ae00000, 0x000000008af00000|  0%| F|  |TAMS 0x000000008ae00000, 0x000000008ae00000| Untracked 
| 135|0x000000008af00000, 0x000000008af00000, 0x000000008b000000|  0%| F|  |TAMS 0x000000008af00000, 0x000000008af00000| Untracked 
| 136|0x000000008b000000, 0x000000008b000000, 0x000000008b100000|  0%| F|  |TAMS 0x000000008b000000, 0x000000008b000000| Untracked 
| 137|0x000000008b100000, 0x000000008b100000, 0x000000008b200000|  0%| F|  |TAMS 0x000000008b100000, 0x000000008b100000| Untracked 
| 138|0x000000008b200000, 0x000000008b200000, 0x000000008b300000|  0%| F|  |TAMS 0x000000008b200000, 0x000000008b200000| Untracked 
| 139|0x000000008b300000, 0x000000008b300000, 0x000000008b400000|  0%| F|  |TAMS 0x000000008b300000, 0x000000008b300000| Untracked 
| 140|0x000000008b400000, 0x000000008b400000, 0x000000008b500000|  0%| F|  |TAMS 0x000000008b400000, 0x000000008b400000| Untracked 
| 141|0x000000008b500000, 0x000000008b500000, 0x000000008b600000|  0%| F|  |TAMS 0x000000008b500000, 0x000000008b500000| Untracked 
| 142|0x000000008b600000, 0x000000008b600000, 0x000000008b700000|  0%| F|  |TAMS 0x000000008b600000, 0x000000008b600000| Untracked 
| 143|0x000000008b700000, 0x000000008b700000, 0x000000008b800000|  0%| F|  |TAMS 0x000000008b700000, 0x000000008b700000| Untracked 
| 144|0x000000008b800000, 0x000000008b880800, 0x000000008b900000| 50%| E|  |TAMS 0x000000008b800000, 0x000000008b800000| Complete 
| 145|0x000000008b900000, 0x000000008ba00000, 0x000000008ba00000|100%| E|CS|TAMS 0x000000008b900000, 0x000000008b900000| Complete 
| 146|0x000000008ba00000, 0x000000008bb00000, 0x000000008bb00000|100%| E|CS|TAMS 0x000000008ba00000, 0x000000008ba00000| Complete 
| 147|0x000000008bb00000, 0x000000008bc00000, 0x000000008bc00000|100%| E|CS|TAMS 0x000000008bb00000, 0x000000008bb00000| Complete 
| 148|0x000000008bc00000, 0x000000008bd00000, 0x000000008bd00000|100%| E|CS|TAMS 0x000000008bc00000, 0x000000008bc00000| Complete 
| 149|0x000000008bd00000, 0x000000008be00000, 0x000000008be00000|100%| E|CS|TAMS 0x000000008bd00000, 0x000000008bd00000| Complete 
| 150|0x000000008be00000, 0x000000008bf00000, 0x000000008bf00000|100%| E|CS|TAMS 0x000000008be00000, 0x000000008be00000| Complete 
| 151|0x000000008bf00000, 0x000000008c000000, 0x000000008c000000|100%| E|CS|TAMS 0x000000008bf00000, 0x000000008bf00000| Complete 

Card table byte_map: [0x000001b3b9fd0000,0x000001b3ba3c0000] _byte_map_base: 0x000001b3b9bbc000

Marking Bits (Prev, Next): (CMBitMap*) 0x000001b3a2307120, (CMBitMap*) 0x000001b3a23070e8
 Prev Bits: [0x000001b3bc710000, 0x000001b3be670000)
 Next Bits: [0x000001b3ba7b0000, 0x000001b3bc710000)

Polling page: 0x000001b39fdf0000

Metaspace:

Usage:
  Non-class:     30.66 MB capacity,    30.14 MB ( 98%) used,   475.39 KB (  2%) free+waste,    61.31 KB ( <1%) overhead. 
      Class:      3.94 MB capacity,     3.64 MB ( 92%) used,   289.05 KB (  7%) free+waste,    25.94 KB ( <1%) overhead. 
       Both:     34.61 MB capacity,    33.77 MB ( 98%) used,   764.45 KB (  2%) free+waste,    87.25 KB ( <1%) overhead. 

Virtual space:
  Non-class space:       32.00 MB reserved,      30.67 MB ( 96%) committed 
      Class space:        1.00 GB reserved,       4.00 MB ( <1%) committed 
             Both:        1.03 GB reserved,      34.67 MB (  3%) committed 

Chunk freelists:
   Non-Class:  1.25 KB
       Class:  3.13 KB
        Both:  4.38 KB

CodeHeap 'non-profiled nmethods': size=120000Kb used=3289Kb max_used=3289Kb free=116711Kb
 bounds [0x000001b3b2380000, 0x000001b3b26c0000, 0x000001b3b98b0000]
CodeHeap 'profiled nmethods': size=120000Kb used=15212Kb max_used=15212Kb free=104788Kb
 bounds [0x000001b3aae50000, 0x000001b3abd30000, 0x000001b3b2380000]
CodeHeap 'non-nmethods': size=5760Kb used=1134Kb max_used=1184Kb free=4625Kb
 bounds [0x000001b3aa8b0000, 0x000001b3aab20000, 0x000001b3aae50000]
 total_blobs=7792 nmethods=5936 adapters=369
 compilation: enabled
              stopped_count=0, restarted_count=0
 full_count=0

Compilation events (10 events):
Event: 11.599 Thread 0x000001b3c1982800 5934       3       java.math.MutableBigInteger::divide (8 bytes)
Event: 11.599 Thread 0x000001b3c1982800 nmethod 5934 0x000001b3abd1fe90 code [0x000001b3abd20040, 0x000001b3abd201d0]
Event: 11.599 Thread 0x000001b3c1982800 5935       3       java.math.MutableBigInteger::divide (38 bytes)
Event: 11.600 Thread 0x000001b3c1982800 nmethod 5935 0x000001b3abd20290 code [0x000001b3abd20460, 0x000001b3abd206c0]
Event: 11.600 Thread 0x000001b3c1982800 5936       3       java.math.MutableBigInteger::divideKnuth (272 bytes)
Event: 11.603 Thread 0x000001b3c1982800 nmethod 5936 0x000001b3abd20790 code [0x000001b3abd20b00, 0x000001b3abd22000]
Event: 11.603 Thread 0x000001b3c1982800 5937       3       java.math.BigInteger::<init> (38 bytes)
Event: 11.604 Thread 0x000001b3c1982800 nmethod 5937 0x000001b3abd22710 code [0x000001b3abd22900, 0x000001b3abd22e70]
Event: 11.604 Thread 0x000001b3c1982800 5938       3       org.slf4j.impl.SimpleLogger::isDebugEnabled (7 bytes)
Event: 11.604 Thread 0x000001b3c1982800 nmethod 5938 0x000001b3abd23010 code [0x000001b3abd231c0, 0x000001b3abd233f8]

GC Heap History (10 events):
Event: 1.607 GC heap before
{Heap before GC invocations=0 (full 0):
 garbage-first heap   total 129024K, used 23552K [0x0000000082800000, 0x0000000100000000)
  region size 1024K, 24 young (24576K), 0 survivors (0K)
 Metaspace       used 12166K, capacity 12374K, committed 12672K, reserved 1060864K
  class space    used 1250K, capacity 1315K, committed 1408K, reserved 1048576K
}
Event: 1.617 GC heap after
{Heap after GC invocations=1 (full 0):
 garbage-first heap   total 129024K, used 3529K [0x0000000082800000, 0x0000000100000000)
  region size 1024K, 3 young (3072K), 3 survivors (3072K)
 Metaspace       used 12166K, capacity 12374K, committed 12672K, reserved 1060864K
  class space    used 1250K, capacity 1315K, committed 1408K, reserved 1048576K
}
Event: 4.667 GC heap before
{Heap before GC invocations=1 (full 0):
 garbage-first heap   total 129024K, used 76233K [0x0000000082800000, 0x0000000100000000)
  region size 1024K, 75 young (76800K), 3 survivors (3072K)
 Metaspace       used 20658K, capacity 21075K, committed 21296K, reserved 1069056K
  class space    used 2237K, capacity 2323K, committed 2432K, reserved 1048576K
}
Event: 4.687 GC heap after
{Heap after GC invocations=2 (full 0):
 garbage-first heap   total 129024K, used 8293K [0x0000000082800000, 0x0000000100000000)
  region size 1024K, 8 young (8192K), 8 survivors (8192K)
 Metaspace       used 20658K, capacity 21075K, committed 21296K, reserved 1069056K
  class space    used 2237K, capacity 2323K, committed 2432K, reserved 1048576K
}
Event: 4.857 GC heap before
{Heap before GC invocations=2 (full 0):
 garbage-first heap   total 129024K, used 14437K [0x0000000082800000, 0x0000000100000000)
  region size 1024K, 15 young (15360K), 8 survivors (8192K)
 Metaspace       used 20728K, capacity 21171K, committed 21296K, reserved 1069056K
  class space    used 2239K, capacity 2355K, committed 2432K, reserved 1048576K
}
Event: 4.876 GC heap after
{Heap after GC invocations=3 (full 0):
 garbage-first heap   total 129024K, used 8806K [0x0000000082800000, 0x0000000100000000)
  region size 1024K, 6 young (6144K), 6 survivors (6144K)
 Metaspace       used 20728K, capacity 21171K, committed 21296K, reserved 1069056K
  class space    used 2239K, capacity 2355K, committed 2432K, reserved 1048576K
}
Event: 6.762 GC heap before
{Heap before GC invocations=4 (full 0):
 garbage-first heap   total 129024K, used 75366K [0x0000000082800000, 0x0000000100000000)
  region size 1024K, 71 young (72704K), 6 survivors (6144K)
 Metaspace       used 23160K, capacity 23681K, committed 23984K, reserved 1071104K
  class space    used 2519K, capacity 2700K, committed 2816K, reserved 1048576K
}
Event: 6.778 GC heap after
{Heap after GC invocations=5 (full 0):
 garbage-first heap   total 129024K, used 12393K [0x0000000082800000, 0x0000000100000000)
  region size 1024K, 5 young (5120K), 5 survivors (5120K)
 Metaspace       used 23160K, capacity 23681K, committed 23984K, reserved 1071104K
  class space    used 2519K, capacity 2700K, committed 2816K, reserved 1048576K
}
Event: 11.240 GC heap before
{Heap before GC invocations=5 (full 0):
 garbage-first heap   total 129024K, used 84073K [0x0000000082800000, 0x0000000100000000)
  region size 1024K, 75 young (76800K), 5 survivors (5120K)
 Metaspace       used 34454K, capacity 35249K, committed 35504K, reserved 1081344K
  class space    used 3708K, capacity 3998K, committed 4096K, reserved 1048576K
}
Event: 11.266 GC heap after
{Heap after GC invocations=6 (full 0):
 garbage-first heap   total 155648K, used 17848K [0x0000000082800000, 0x0000000100000000)
  region size 1024K, 10 young (10240K), 10 survivors (10240K)
 Metaspace       used 34454K, capacity 35249K, committed 35504K, reserved 1081344K
  class space    used 3708K, capacity 3998K, committed 4096K, reserved 1048576K
}

Deoptimization events (10 events):
Event: 9.064 Thread 0x000001b3a22c6800 Uncommon trap: reason=unstable_fused_if action=reinterpret pc=0x000001b3b261018c method=com.sun.tools.javac.util.Convert.chars2utf([CI[BII)I @ 28 c2
Event: 9.064 Thread 0x000001b3a22c6800 Uncommon trap: reason=unstable_fused_if action=reinterpret pc=0x000001b3b25af0d8 method=com.sun.tools.javac.util.Convert.chars2utf([CI[BII)I @ 28 c2
Event: 9.139 Thread 0x000001b3a22c6800 Uncommon trap: reason=class_check action=maybe_recompile pc=0x000001b3b26254e8 method=com.sun.tools.javac.code.Scope$ScopeListenerList.walkReferences(Lcom/sun/tools/javac/code/Symbol;Lcom/sun/tools/javac/code/Scope;Z)V @ 20 c2
Event: 9.201 Thread 0x000001b3a22c6800 Uncommon trap: reason=bimorphic_or_optimized_type_check action=maybe_recompile pc=0x000001b3b2539894 method=java.util.WeakHashMap.eq(Ljava/lang/Object;Ljava/lang/Object;)Z @ 7 c2
Event: 9.399 Thread 0x000001b3a22c6800 Uncommon trap: reason=unstable_if action=reinterpret pc=0x000001b3b2621a9c method=com.sun.tools.javac.jvm.ClassReader.sigToType()Lcom/sun/tools/javac/code/Type; @ 288 c2
Event: 9.469 Thread 0x000001b3a22c6800 Uncommon trap: reason=unstable_if action=reinterpret pc=0x000001b3b26419f4 method=com.sun.tools.javac.jvm.Code.width(Lcom/sun/tools/javac/code/Type;)I @ 1 c2
Event: 9.801 Thread 0x000001b3a22c6800 Uncommon trap: reason=unstable_if action=reinterpret pc=0x000001b3b239c4cc method=java.lang.String.equals(Ljava/lang/Object;)Z @ 34 c2
Event: 10.758 Thread 0x000001b3a22c6800 Uncommon trap: reason=profile_predicate action=maybe_recompile pc=0x000001b3b24fc070 method=sun.nio.cs.ISO_8859_1$Decoder.decodeArrayLoop(Ljava/nio/ByteBuffer;Ljava/nio/CharBuffer;)Ljava/nio/charset/CoderResult; @ 133 c2
Event: 10.758 Thread 0x000001b3a22c6800 Uncommon trap: reason=profile_predicate action=maybe_recompile pc=0x000001b3b24fc070 method=sun.nio.cs.ISO_8859_1$Decoder.decodeArrayLoop(Ljava/nio/ByteBuffer;Ljava/nio/CharBuffer;)Ljava/nio/charset/CoderResult; @ 133 c2
Event: 10.767 Thread 0x000001b3a22c6800 Uncommon trap: reason=unstable_if action=reinterpret pc=0x000001b3b25671ac method=org.apache.maven.model.interpolation.UrlNormalizingPostProcessor.execute(Ljava/lang/String;Ljava/lang/Object;)Ljava/lang/Object; @ 13 c2

Classes redefined (0 events):
No events

Internal exceptions (10 events):
Event: 9.804 Thread 0x000001b3a22c6800 Exception <a 'sun/nio/fs/WindowsException'{0x0000000086ad46f8}> (0x0000000086ad46f8) thrown at [c:/jenkins/workspace/zulu11-build-win64/zulu-src/src/hotspot/share/prims/jni.cpp, line 615]
Event: 9.854 Thread 0x000001b3a22c6800 Exception <a 'sun/nio/fs/WindowsException'{0x0000000086ae30c8}> (0x0000000086ae30c8) thrown at [c:/jenkins/workspace/zulu11-build-win64/zulu-src/src/hotspot/share/prims/jni.cpp, line 615]
Event: 9.884 Thread 0x000001b3a22c6800 Exception <a 'sun/nio/fs/WindowsException'{0x0000000086afda18}> (0x0000000086afda18) thrown at [c:/jenkins/workspace/zulu11-build-win64/zulu-src/src/hotspot/share/prims/jni.cpp, line 615]
Event: 9.927 Thread 0x000001b3a22c6800 Exception <a 'sun/nio/fs/WindowsException'{0x0000000086949bc8}> (0x0000000086949bc8) thrown at [c:/jenkins/workspace/zulu11-build-win64/zulu-src/src/hotspot/share/prims/jni.cpp, line 615]
Event: 9.927 Thread 0x000001b3a22c6800 Exception <a 'sun/nio/fs/WindowsException'{0x0000000086949fb8}> (0x0000000086949fb8) thrown at [c:/jenkins/workspace/zulu11-build-win64/zulu-src/src/hotspot/share/prims/jni.cpp, line 615]
Event: 9.928 Thread 0x000001b3a22c6800 Exception <a 'sun/nio/fs/WindowsException'{0x000000008694bf58}> (0x000000008694bf58) thrown at [c:/jenkins/workspace/zulu11-build-win64/zulu-src/src/hotspot/share/prims/jni.cpp, line 615]
Event: 9.928 Thread 0x000001b3a22c6800 Exception <a 'sun/nio/fs/WindowsException'{0x000000008694c2f8}> (0x000000008694c2f8) thrown at [c:/jenkins/workspace/zulu11-build-win64/zulu-src/src/hotspot/share/prims/jni.cpp, line 615]
Event: 9.928 Thread 0x000001b3a22c6800 Exception <a 'sun/nio/fs/WindowsException'{0x000000008694e4c0}> (0x000000008694e4c0) thrown at [c:/jenkins/workspace/zulu11-build-win64/zulu-src/src/hotspot/share/prims/jni.cpp, line 615]
Event: 9.928 Thread 0x000001b3a22c6800 Exception <a 'sun/nio/fs/WindowsException'{0x000000008694e8a8}> (0x000000008694e8a8) thrown at [c:/jenkins/workspace/zulu11-build-win64/zulu-src/src/hotspot/share/prims/jni.cpp, line 615]
Event: 9.969 Thread 0x000001b3a22c6800 Exception <a 'sun/nio/fs/WindowsException'{0x00000000869a9ab8}> (0x00000000869a9ab8) thrown at [c:/jenkins/workspace/zulu11-build-win64/zulu-src/src/hotspot/share/prims/jni.cpp, line 615]

Events (10 events):
Event: 11.618 loading class org/apache/maven/plugin/war/WarMojo
Event: 11.618 loading class org/apache/maven/plugin/war/WarMojo done
Event: 11.620 loading class org/apache/maven/plugin/war/AbstractWarMojo
Event: 11.620 loading class org/apache/maven/plugin/war/AbstractWarMojo done
Event: 11.620 loading class org/apache/maven/plugin/war/AbstractWarMojo
Event: 11.620 loading class org/apache/maven/plugin/war/AbstractWarMojo done
Event: 11.620 loading class org/apache/maven/plugin/war/AbstractWarMojo
Event: 11.620 loading class org/apache/maven/plugin/war/AbstractWarMojo done
Event: 11.620 loading class org/apache/maven/plugin/war/AbstractWarMojo
Event: 11.620 loading class org/apache/maven/plugin/war/AbstractWarMojo done


Dynamic libraries:
0x00007ff7feac0000 - 0x00007ff7feafc000 	C:\Program Files\Zulu\zulu-11\bin\java.exe
0x00007ffbdfe20000 - 0x00007ffbe0001000 	C:\WINDOWS\SYSTEM32\ntdll.dll
0x00007ffbdd410000 - 0x00007ffbdd4c1000 	C:\WINDOWS\System32\KERNEL32.DLL
0x00007ffbdc680000 - 0x00007ffbdc8f3000 	C:\WINDOWS\System32\KERNELBASE.dll
0x00007ffbdd730000 - 0x00007ffbdd8c0000 	C:\WINDOWS\System32\USER32.dll
0x00007ffbdc4f0000 - 0x00007ffbdc510000 	C:\WINDOWS\System32\win32u.dll
0x00007ffbdf580000 - 0x00007ffbdf5a8000 	C:\WINDOWS\System32\GDI32.dll
0x00007ffbdd110000 - 0x00007ffbdd2a2000 	C:\WINDOWS\System32\gdi32full.dll
0x00007ffbdc510000 - 0x00007ffbdc5af000 	C:\WINDOWS\System32\msvcp_win.dll
0x00007ffbdc900000 - 0x00007ffbdc9f8000 	C:\WINDOWS\System32\ucrtbase.dll
0x00007ffbcd6f0000 - 0x00007ffbcd959000 	C:\WINDOWS\WinSxS\amd64_microsoft.windows.common-controls_6595b64144ccf1df_6.0.17134.765_none_fb42a1a930655896\COMCTL32.dll
0x00007ffbdd370000 - 0x00007ffbdd40e000 	C:\WINDOWS\System32\msvcrt.dll
0x00007ffbdf250000 - 0x00007ffbdf572000 	C:\WINDOWS\System32\combase.dll
0x00007ffbdf670000 - 0x00007ffbdf794000 	C:\WINDOWS\System32\RPCRT4.dll
0x00007ffbdc5b0000 - 0x00007ffbdc62a000 	C:\WINDOWS\System32\bcryptPrimitives.dll
0x00007ffbdf7a0000 - 0x00007ffbdf7cd000 	C:\WINDOWS\System32\IMM32.DLL
0x00007ffbae080000 - 0x00007ffbae16f000 	C:\Program Files\Zulu\zulu-11\bin\msvcr120.dll
0x00007ffbb6f80000 - 0x00007ffbb7026000 	C:\Program Files\Zulu\zulu-11\bin\msvcp120.dll
0x00007ffb936b0000 - 0x00007ffb9416d000 	C:\Program Files\Zulu\zulu-11\bin\server\jvm.dll
0x00007ffbdfbe0000 - 0x00007ffbdfc81000 	C:\WINDOWS\System32\ADVAPI32.dll
0x00007ffbdf160000 - 0x00007ffbdf1bb000 	C:\WINDOWS\System32\sechost.dll
0x00007ffbdd720000 - 0x00007ffbdd728000 	C:\WINDOWS\System32\PSAPI.DLL
0x00007ffbcf2d0000 - 0x00007ffbcf2d9000 	C:\WINDOWS\SYSTEM32\WSOCK32.dll
0x00007ffbd0820000 - 0x00007ffbd0843000 	C:\WINDOWS\SYSTEM32\WINMM.dll
0x00007ffbcdd80000 - 0x00007ffbcdd8a000 	C:\WINDOWS\SYSTEM32\VERSION.dll
0x00007ffbdf1e0000 - 0x00007ffbdf24c000 	C:\WINDOWS\System32\WS2_32.dll
0x00007ffbd05e0000 - 0x00007ffbd060a000 	C:\WINDOWS\SYSTEM32\winmmbase.dll
0x00007ffbdc630000 - 0x00007ffbdc679000 	C:\WINDOWS\System32\cfgmgr32.dll
0x00007ffbd39e0000 - 0x00007ffbd39ef000 	C:\Program Files\Zulu\zulu-11\bin\verify.dll
0x00007ffbdab80000 - 0x00007ffbdad49000 	C:\WINDOWS\SYSTEM32\DBGHELP.DLL
0x00007ffbd5980000 - 0x00007ffbd59a9000 	C:\WINDOWS\SYSTEM32\dbgcore.DLL
0x00007ffbcb6e0000 - 0x00007ffbcb706000 	C:\Program Files\Zulu\zulu-11\bin\java.dll
0x00007ffbcf630000 - 0x00007ffbcf646000 	C:\Program Files\Zulu\zulu-11\bin\zip.dll
0x00007ffbd39b0000 - 0x00007ffbd39ba000 	C:\Program Files\Zulu\zulu-11\bin\jimage.dll
0x00007ffbddd10000 - 0x00007ffbdf150000 	C:\WINDOWS\System32\SHELL32.dll
0x00007ffbdd2c0000 - 0x00007ffbdd369000 	C:\WINDOWS\System32\shcore.dll
0x00007ffbdca00000 - 0x00007ffbdd10d000 	C:\WINDOWS\System32\windows.storage.dll
0x00007ffbdf960000 - 0x00007ffbdf9b1000 	C:\WINDOWS\System32\shlwapi.dll
0x00007ffbdc1d0000 - 0x00007ffbdc1e1000 	C:\WINDOWS\System32\kernel.appcore.dll
0x00007ffbdc1b0000 - 0x00007ffbdc1cf000 	C:\WINDOWS\System32\profapi.dll
0x00007ffbdc130000 - 0x00007ffbdc17c000 	C:\WINDOWS\System32\powrprof.dll
0x00007ffbdc1a0000 - 0x00007ffbdc1aa000 	C:\WINDOWS\System32\FLTLIB.DLL
0x00007ffbd6840000 - 0x00007ffbd6858000 	C:\Program Files\Zulu\zulu-11\bin\net.dll
0x00007ffbcfff0000 - 0x00007ffbd01b8000 	C:\WINDOWS\SYSTEM32\urlmon.dll
0x00007ffbd9f00000 - 0x00007ffbd9fdd000 	C:\WINDOWS\SYSTEM32\WINHTTP.dll
0x00007ffbceec0000 - 0x00007ffbcf167000 	C:\WINDOWS\SYSTEM32\iertutil.dll
0x00007ffbdbb20000 - 0x00007ffbdbb2b000 	C:\WINDOWS\SYSTEM32\CRYPTBASE.DLL
0x00007ffbdb950000 - 0x00007ffbdb9b6000 	C:\WINDOWS\system32\mswsock.dll
0x00007ffbd0aa0000 - 0x00007ffbd0ab1000 	C:\Program Files\Zulu\zulu-11\bin\nio.dll

dbghelp: loaded successfully - version: 4.0.5 - missing functions: none
symbol engine: initialized successfully - sym options: 0x614 - pdb path: .;C:\Program Files\Zulu\zulu-11\bin;C:\WINDOWS\SYSTEM32;C:\WINDOWS\WinSxS\amd64_microsoft.windows.common-controls_6595b64144ccf1df_6.0.17134.765_none_fb42a1a930655896;C:\Program Files\Zulu\zulu-11\bin\server

VM Arguments:
jvm_args: -Dclassworlds.conf=C:\Users\minyeong\Downloads\incubating-netbeans-10.0-bin\netbeans\java\maven\bin\m2.conf -Dmaven.home=C:\Users\minyeong\Downloads\incubating-netbeans-10.0-bin\netbeans\java\maven -Dmaven.multiModuleProjectDirectory=C:\Users\minyeong\Desktop\minyeong\4_1\object_oriented_design\project\WebMail_Team01 
java_command: org.codehaus.plexus.classworlds.launcher.Launcher -Dmaven.ext.class.path=C:\Users\minyeong\Downloads\incubating-netbeans-10.0-bin\netbeans\java\maven-nblib\netbeans-eventspy.jar -Dfile.encoding=UTF-8 clean install
java_class_path (initial): C:\Users\minyeong\Downloads\incubating-netbeans-10.0-bin\netbeans\java\maven\boot\plexus-classworlds-2.5.2.jar
Launcher Type: SUN_STANDARD

[Global flags]
     intx CICompilerCount                          = 4                                         {product} {ergonomic}
     uint ConcGCThreads                            = 2                                         {product} {ergonomic}
     uint G1ConcRefinementThreads                  = 8                                         {product} {ergonomic}
   size_t G1HeapRegionSize                         = 1048576                                   {product} {ergonomic}
    uintx GCDrainStackTargetSize                   = 64                                        {product} {ergonomic}
   size_t InitialHeapSize                          = 132120576                                 {product} {ergonomic}
   size_t MarkStackSize                            = 4194304                                   {product} {ergonomic}
   size_t MaxHeapSize                              = 2105540608                                {product} {ergonomic}
   size_t MaxNewSize                               = 1262485504                                {product} {ergonomic}
   size_t MinHeapDeltaBytes                        = 1048576                                   {product} {ergonomic}
    uintx NonNMethodCodeHeapSize                   = 5835340                                {pd product} {ergonomic}
    uintx NonProfiledCodeHeapSize                  = 122911450                              {pd product} {ergonomic}
    uintx ProfiledCodeHeapSize                     = 122911450                              {pd product} {ergonomic}
    uintx ReservedCodeCacheSize                    = 251658240                              {pd product} {ergonomic}
     bool SegmentedCodeCache                       = true                                      {product} {ergonomic}
     bool UseCompressedClassPointers               = true                                 {lp64_product} {ergonomic}
     bool UseCompressedOops                        = true                                 {lp64_product} {ergonomic}
     bool UseG1GC                                  = true                                      {product} {ergonomic}
     bool UseLargePagesIndividualAllocation        = false                                  {pd product} {ergonomic}

Logging:
Log output configuration:
 #0: stdout all=warning uptime,level,tags
 #1: stderr all=off uptime,level,tags

Environment Variables:
JAVA_HOME=C:\Program Files\Zulu\zulu-11
CLASSPATH=C:\Users\minyeong\Documents\3-2\OracleDB\sqldeveloper\jdbc\lib\ojdbc6.jar
PATH=C:\Program Files (x86)\Common Files\Oracle\Java\javapath;C:\Program Files (x86)\Intel\iCLS Client\;C:\Program Files\Intel\iCLS Client\;C:\WINDOWS\system32;C:\WINDOWS;C:\WINDOWS\System32\Wbem;C:\WINDOWS\System32\WindowsPowerShell\v1.0\;C:\Program Files (x86)\Intel\Intel(R) Management Engine Components\DAL;C:\Program Files\Intel\Intel(R) Management Engine Components\DAL;C:\Program Files (x86)\Intel\Intel(R) Management Engine Components\IPT;C:\Program Files\Intel\Intel(R) Management Engine Components\IPT;C:\Program Files\Intel\WiFi\bin\;C:\Program Files\Common Files\Intel\WirelessCommon\;C:\WINDOWS\System32\OpenSSH\;C:\Program Files\Java\jdk1.8.0_181\bin;C:\Program Files\Git\cmd;C:\Users\minyeong\Desktop\minyeong\4_1\object_oriented_design\sonar-scanner-3.2.0.1227-windows\bin;C:\Program Files\Zulu\zulu-11\bin\;C:\Program Files\PuTTY\;C:\Program Files\nodejs\;C:\Program Files\MySQL\MySQL Server 5.5\bin;C:\Users\minyeong\AppData\Local\Programs\Python\Python37\Scripts\;C:\Users\minyeong\AppData\Local\Programs\Python\Python37\;C:\Users\minyeong\AppData\Local\Microsoft\WindowsApps;;C:\Program Files\JetBrains\PyCharm Community Edition 2018.3.5\bin;;C:\Users\minyeong\AppData\Local\Programs\Microsoft VS Code\bin;C:\Users\minyeong\AppData\Roaming\npm
USERNAME=minyeong
OS=Windows_NT
PROCESSOR_IDENTIFIER=Intel64 Family 6 Model 142 Stepping 10, GenuineIntel



---------------  S Y S T E M  ---------------

OS: Windows 10 , 64 bit Build 17134 (10.0.17134.753)

CPU:total 8 (initial active 8) (4 cores per cpu, 2 threads per core) family 6 model 142 stepping 10, cmov, cx8, fxsr, mmx, sse, sse2, sse3, ssse3, sse4.1, sse4.2, popcnt, avx, avx2, aes, clmul, erms, 3dnowpref, lzcnt, ht, tsc, tscinvbit, bmi1, bmi2, adx, fma

Memory: 4k page, system-wide physical 8025M (2559M free)
TotalPageFile size 32601M (AvailPageFile size 3M)
current process WorkingSet (physical memory assigned to process): 247M, peak: 251M
current process commit charge ("private bytes"): 334M, peak: 341M

vm_info: OpenJDK 64-Bit Server VM (11.0.2+9-LTS) for windows-amd64 JRE (Zulu11.29+11-CA) (11.0.2+9-LTS), built on Mar  2 2019 10:15:57 by "" with MS VC++ 12.0 (VS2013)

END.
